[debug] [2021-08-17T00:02:32.236Z] ----------------------------------------------------------------------
[debug] [2021-08-17T00:02:32.241Z] Command:       C:\Program Files\nodejs\node.exe C:\Users\User\AppData\Roaming\npm\node_modules\firebase-tools\lib\bin\firebase.js init hosting
[debug] [2021-08-17T00:02:32.242Z] CLI Version:   9.16.5
[debug] [2021-08-17T00:02:32.242Z] Platform:      win32
[debug] [2021-08-17T00:02:32.242Z] Node Version:  v12.18.4
[debug] [2021-08-17T00:02:32.244Z] Time:          Mon Aug 16 2021 20:02:32 GMT-0400 (GMT-04:00)
[debug] [2021-08-17T00:02:32.244Z] ----------------------------------------------------------------------
[debug] 
[debug] [2021-08-17T00:02:32.362Z] > command requires scopes: ["email","openid","https://www.googleapis.com/auth/cloudplatformprojects.readonly","https://www.googleapis.com/auth/firebase","https://www.googleapis.com/auth/cloud-platform"]
[debug] [2021-08-17T00:02:32.364Z] > authorizing via signed-in user (fernandesdiasr@gmail.com)
[info] 
     ######## #### ########  ######## ########     ###     ######  ########
     ##        ##  ##     ## ##       ##     ##  ##   ##  ##       ##
     ######    ##  ########  ######   ########  #########  ######  ######
     ##        ##  ##    ##  ##       ##     ## ##     ##       ## ##
     ##       #### ##     ## ######## ########  ##     ##  ######  ########

You're about to initialize a Firebase project in this directory:

  C:\Users\User\Documents\PIBIC-FRONT-END\teste\treino-de-forca-app-vue

Before we get started, keep in mind:

  * You are initializing within an existing Firebase project directory

[info] 
=== Project Setup
[info] 
[info] First, let's associate this project directory with a Firebase project.
[info] You can create multiple project aliases by running firebase use --add, 
[info] but for now we'll just set up a default project.
[info] 
[info] i  .firebaserc already has a default project, using treino-de-forca. 
[debug] [2021-08-17T00:02:34.965Z] >>> [apiv2][query] GET https://firebase.googleapis.com/v1beta1/projects/treino-de-forca [none]
[debug] [2021-08-17T00:02:36.156Z] <<< [apiv2][status] GET https://firebase.googleapis.com/v1beta1/projects/treino-de-forca 200
[debug] [2021-08-17T00:02:36.156Z] <<< [apiv2][body] GET https://firebase.googleapis.com/v1beta1/projects/treino-de-forca {"projectId":"treino-de-forca","projectNumber":"53841697511","displayName":"treino-de-forca","name":"projects/treino-de-forca","resources":{"hostingSite":"treino-de-forca"},"state":"ACTIVE"}
[info] 
=== Hosting Setup
[info] 
[info] Your public directory is the folder (relative to your project directory) that
[info] will contain Hosting assets to be uploaded with firebase deploy. If you
[info] have a build process for your assets, use your build's output directory.
[info] 
[info] +  Wrote dist/404.html 
[debug] [2021-08-17T00:03:02.733Z] >>> [apiv2][query] GET https://www.gstatic.com/firebasejs/releases.json [none]
[debug] [2021-08-17T00:03:02.952Z] <<< [apiv2][status] GET https://www.gstatic.com/firebasejs/releases.json 200
[debug] [2021-08-17T00:03:02.953Z] <<< [apiv2][body] GET https://www.gstatic.com/firebasejs/releases.json {"current":{"version":"8.9.1","browserURL":"https://www.gstatic.com/firebasejs/8.9.1/firebase.js","packageURL":"https://www.gstatic.com/firebasejs/8.9.1/firebase.tgz"},"live":{"version":"8.9","browserURL":"https://www.gstatic.com/firebasejs/live/8.9/firebase.js","packageURL":"https://www.gstatic.com/firebasejs/live/8.9/firebase.tgz"},"components":{"analytics":"https://www.gstatic.com/firebasejs/8.9.1/firebase-analytics.js","app":"https://www.gstatic.com/firebasejs/8.9.1/firebase-app.js","app-check":"https://www.gstatic.com/firebasejs/8.9.1/firebase-app-check.js","auth":"https://www.gstatic.com/firebasejs/8.9.1/firebase-auth.js","database":"https://www.gstatic.com/firebasejs/8.9.1/firebase-database.js","firestore":"https://www.gstatic.com/firebasejs/8.9.1/firebase-firestore.js","functions":"https://www.gstatic.com/firebasejs/8.9.1/firebase-functions.js","installations":"https://www.gstatic.com/firebasejs/8.9.1/firebase-installations.js","messaging":"https://www.gstatic.com/firebasejs/8.9.1/firebase-messaging.js","storage":"https://www.gstatic.com/firebasejs/8.9.1/firebase-storage.js","performance":"https://www.gstatic.com/firebasejs/8.9.1/firebase-performance.js","remote-config":"https://www.gstatic.com/firebasejs/8.9.1/firebase-remote-config.js","firestore.memory":"https://www.gstatic.com/firebasejs/8.9.1/firebase-firestore.memory.js"}}
